TN:
SF:/home/plaidcat/Projects/Rust_OBS/src/api/error.rs
FN:10,AppError::status_code
FN:20,AppError::json_body
FN:39,<impl IntoResponse for AppError>::into_response
FNF:3
FNDA:8,AppError::status_code
FNDA:5,AppError::json_body
FNDA:3,<impl IntoResponse for AppError>::into_response
DA:10,8
DA:11,8
DA:12,1
DA:13,4
DA:14,1
DA:15,1
DA:16,1
DA:20,5
DA:23,15
DA:24,0
DA:25,8
DA:26,0
DA:27,2
DA:28,0
DA:31,5
DA:32,5
DA:33,5
DA:39,3
DA:40,9
DA:41,9
DA:43,6
LF:21
LH:18
end_of_record
TN:
SF:/home/plaidcat/Projects/Rust_OBS/src/api/handlers/health.rs
FN:11,health_check
FNF:1
FNDA:6,health_check
DA:11,6
DA:12,18
DA:13,3
DA:14,0
DA:17,3
DA:18,9
DA:19,3
LF:7
LH:6
end_of_record
TN:
SF:/home/plaidcat/Projects/Rust_OBS/src/api/handlers/session.rs
FN:8,create_session
FN:25,get_current_session
FN:46,end_current_session
FNF:3
FNDA:1,create_session
FNDA:2,get_current_session
FNDA:2,end_current_session
DA:8,1
DA:13,2
DA:14,2
DA:15,2
DA:16,1
DA:19,1
DA:20,1
DA:21,1
DA:25,2
DA:28,6
DA:29,2
DA:30,2
DA:32,2
DA:33,2
DA:34,1
DA:35,1
DA:36,3
DA:37,3
DA:38,1
DA:40,1
DA:41,1
DA:46,2
DA:49,6
DA:50,4
DA:52,2
DA:53,1
DA:54,3
DA:55,2
DA:56,2
DA:57,2
DA:58,1
DA:59,1
DA:62,1
LF:33
LH:33
end_of_record
TN:
SF:/home/plaidcat/Projects/Rust_OBS/src/api/routes.rs
FN:7,api_router
FNF:1
FNDA:6,api_router
DA:7,6
DA:8,6
DA:9,18
DA:10,18
DA:11,18
DA:12,18
DA:13,12
LF:7
LH:7
end_of_record
TN:
SF:/home/plaidcat/Projects/Rust_OBS/src/api/state.rs
FN:9,AppState::new
FNF:1
FNDA:9,AppState::new
DA:9,9
LF:1
LH:1
end_of_record
TN:
SF:/home/plaidcat/Projects/Rust_OBS/src/db.rs
FN:7,create_pool
FN:16,run_migrations
FN:27,create_session
FN:50,end_session
FN:64,get_active_session
FN:82,get_session_by_id
FN:99,get_all_sessions
FN:118,create_raid
FN:147,end_raid
FN:165,get_active_raid
FN:187,get_first_raid_for_session
FN:210,get_raids_for_session
FN:235,get_all_raids
FN:258,log_state_transition
FN:300,get_raid_transitions
FN:326,add_kill
FN:355,get_kills_for_raid
FNF:17
FNDA:60,create_pool
FNDA:60,run_migrations
FNDA:30,create_session
FNDA:6,end_session
FNDA:12,get_active_session
FNDA:2,get_session_by_id
FNDA:6,get_all_sessions
FNDA:41,create_raid
FNDA:29,end_raid
FNDA:2,get_active_raid
FNDA:6,get_first_raid_for_session
FNDA:14,get_raids_for_session
FNDA:12,get_all_raids
FNDA:46,log_state_transition
FNDA:10,get_raid_transitions
FNDA:27,add_kill
FNDA:30,get_kills_for_raid
DA:7,60
DA:8,60
DA:10,60
DA:11,30
DA:16,60
DA:17,60
DA:18,60
DA:19,30
DA:20,30
DA:27,30
DA:33,97
DA:36,90
DA:37,30
DA:38,30
DA:39,30
DA:40,30
DA:41,30
DA:42,30
DA:43,60
DA:44,30
DA:47,30
DA:50,6
DA:51,6
DA:57,3
DA:58,6
DA:59,3
DA:61,3
DA:64,12
DA:65,12
DA:66,6
DA:82,2
DA:83,2
DA:84,1
DA:95,1
DA:99,6
DA:100,6
DA:101,3
DA:118,41
DA:126,124
DA:128,123
DA:129,41
DA:130,41
DA:131,41
DA:132,41
DA:133,41
DA:134,41
DA:135,41
DA:136,41
DA:137,41
DA:138,41
DA:140,82
DA:141,41
DA:144,41
DA:147,29
DA:149,58
DA:155,29
DA:156,29
DA:157,29
DA:159,58
DA:160,29
DA:162,29
DA:165,2
DA:166,2
DA:167,1
DA:187,6
DA:188,6
DA:189,3
DA:206,3
DA:210,14
DA:214,28
DA:215,14
DA:231,14
DA:235,12
DA:236,12
DA:237,6
DA:258,46
DA:264,184
DA:266,184
DA:268,46
DA:270,92
DA:271,46
DA:273,138
DA:275,92
DA:280,46
DA:281,46
DA:282,46
DA:283,46
DA:285,92
DA:286,46
DA:288,92
DA:290,46
DA:291,46
DA:293,92
DA:294,46
DA:296,92
DA:297,46
DA:300,10
DA:304,20
DA:305,10
DA:317,10
DA:319,20
DA:320,10
DA:326,27
DA:334,81
DA:336,81
DA:337,27
DA:338,27
DA:339,27
DA:340,27
DA:341,27
DA:342,27
DA:343,27
DA:344,27
DA:345,27
DA:346,27
DA:348,54
DA:349,27
DA:352,27
DA:355,30
DA:356,30
DA:357,15
DA:370,15
DA:372,30
DA:373,15
LF:124
LH:124
end_of_record
TN:
SF:/home/plaidcat/Projects/Rust_OBS/src/main.rs
FN:13,main
FNF:1
FNDA:0,main
DA:13,0
DA:15,0
DA:16,0
DA:18,0
DA:19,0
DA:22,0
DA:23,0
DA:26,0
DA:27,0
DA:28,0
DA:29,0
DA:33,0
DA:34,0
DA:37,0
DA:40,0
DA:43,0
DA:44,0
DA:47,0
DA:50,0
DA:51,0
LF:20
LH:0
end_of_record
TN:
SF:/home/plaidcat/Projects/Rust_OBS/src/stats.rs
FN:52,calculate_time_between_raids_for_session
FN:60,calculate_time_between_raids_global
FN:67,calculate_gaps_from_raids
FN:134,compare_session_to_mode_global
FN:145,get_mode_stats_for_session
FN:160,calculate_session_stats
FN:168,calculate_global_stats
FN:183,calculate_stats_from_raids
FN:237,calculate_time_before_first_raid
FN:272,calculate_time_in_state
FNF:10
FNDA:7,calculate_time_between_raids_for_session
FNDA:1,calculate_time_between_raids_global
FNDA:8,calculate_gaps_from_raids
FNDA:1,compare_session_to_mode_global
FNDA:1,get_mode_stats_for_session
FNDA:3,calculate_session_stats
FNDA:4,calculate_global_stats
FNDA:9,calculate_stats_from_raids
FNDA:2,calculate_time_before_first_raid
FNDA:4,calculate_time_in_state
DA:52,7
DA:56,28
DA:57,7
DA:60,1
DA:63,3
DA:64,1
DA:67,8
DA:70,16
DA:71,16
DA:72,16
DA:73,16
DA:74,16
DA:76,8
DA:77,2
DA:78,4
DA:79,4
DA:80,4
DA:81,2
DA:82,2
DA:86,19
DA:87,25
DA:88,1
DA:91,24
DA:92,1
DA:95,11
DA:96,1
DA:99,20
DA:101,10
DA:102,1
DA:105,9
DA:106,9
DA:108,14
DA:109,5
DA:112,9
DA:113,0
DA:116,18
DA:117,9
DA:121,11
DA:122,5
DA:134,1
DA:139,4
DA:140,4
DA:142,1
DA:145,1
DA:149,4
DA:151,8
DA:152,8
DA:154,4
DA:155,4
DA:157,1
DA:160,3
DA:164,12
DA:165,9
DA:168,4
DA:172,12
DA:174,14
DA:175,16
DA:177,2
DA:180,12
DA:183,9
DA:187,18
DA:188,18
DA:189,18
DA:190,18
DA:191,18
DA:193,33
DA:194,18
DA:195,6
DA:198,36
DA:199,24
DA:200,12
DA:203,48
DA:204,12
DA:207,18
DA:209,18
DA:210,8
DA:212,1
DA:215,18
DA:216,6
DA:218,3
DA:221,18
DA:222,8
DA:224,1
DA:227,9
DA:228,18
DA:229,18
DA:230,18
DA:231,18
DA:232,9
DA:233,9
DA:237,2
DA:240,6
DA:241,4
DA:242,4
DA:243,4
DA:245,7
DA:246,12
DA:247,6
DA:248,3
DA:249,3
DA:251,4
DA:252,1
DA:258,4
DA:259,1
DA:261,1
DA:264,2
DA:265,4
DA:266,2
DA:267,2
DA:272,4
DA:276,16
DA:278,12
DA:280,26
DA:281,44
DA:282,44
DA:284,44
DA:294,88
DA:295,25
DA:296,44
DA:302,16
DA:303,61
DA:306,4
LF:122
LH:121
end_of_record
